<?xml version="1.0" encoding="UTF-8" standalone="yes"?>
<ns2:test-suite start="1518517960528" stop="1518518025352" version="1.4.23" xmlns:ns2="urn:model.allure.qatools.yandex.ru">
    <name>IDL : ChromeTesting[browserName=chrome]</name>
    <title>IDL : ChromeTesting[browserName=chrome]</title>
    <test-cases>
        <test-case start="1518517970654" stop="1518517978196" status="broken">
            <name>checkIfUserRedirectedToPricingScreenFromHomeAndReturnBack</name>
            <failure>
                <message>NullPointerException: null</message>
                <stack-trace>java.lang.NullPointerException
	at com.mainpagetest.MainPageTest.checkIfUserRedirectedToPricingScreenFromHomeAndReturnBack(MainPageTest.java:21)
	at sun.reflect.NativeMethodAccessorImpl.invoke0(Native Method)
	at sun.reflect.NativeMethodAccessorImpl.invoke(NativeMethodAccessorImpl.java:62)
	at sun.reflect.DelegatingMethodAccessorImpl.invoke(DelegatingMethodAccessorImpl.java:43)
	at java.lang.reflect.Method.invoke(Method.java:498)
	at org.testng.internal.MethodInvocationHelper.invokeMethod(MethodInvocationHelper.java:86)
	at org.testng.internal.Invoker.invokeMethod(Invoker.java:643)
	at org.testng.internal.Invoker.invokeTestMethod(Invoker.java:820)
	at org.testng.internal.Invoker.invokeTestMethods(Invoker.java:1128)
	at org.testng.internal.TestMethodWorker.invokeTestMethods(TestMethodWorker.java:129)
	at org.testng.internal.TestMethodWorker.run(TestMethodWorker.java:112)
	at org.testng.TestRunner.privateRun(TestRunner.java:782)
	at org.testng.TestRunner.run(TestRunner.java:632)
	at org.testng.SuiteRunner.runTest(SuiteRunner.java:366)
	at org.testng.SuiteRunner.access$000(SuiteRunner.java:39)
	at org.testng.SuiteRunner$SuiteWorker.run(SuiteRunner.java:400)
	at org.testng.internal.thread.ThreadUtil$2.call(ThreadUtil.java:64)
	at java.util.concurrent.FutureTask.run(FutureTask.java:266)
	at java.util.concurrent.ThreadPoolExecutor.runWorker(ThreadPoolExecutor.java:1142)
	at java.util.concurrent.ThreadPoolExecutor$Worker.run(ThreadPoolExecutor.java:617)
	at java.lang.Thread.run(Thread.java:745)
</stack-trace>
            </failure>
            <steps/>
            <attachments/>
            <labels>
                <label name="testId" value="1"/>
                <label name="host" value="Nazar"/>
                <label name="thread" value="8004@Nazar.TestNG(13)"/>
            </labels>
        </test-case>
        <test-case start="1518517993955" stop="1518518002735" status="passed">
            <name>checkWindowHandle</name>
            <steps/>
            <attachments/>
            <labels>
                <label name="testId" value="2"/>
                <label name="host" value="Nazar"/>
                <label name="thread" value="8004@Nazar.TestNG(13)"/>
            </labels>
        </test-case>
    </test-cases>
    <labels>
        <label name="framework" value="TestNG"/>
        <label name="language" value="JAVA"/>
    </labels>
</ns2:test-suite>
